

> @roo-code/types@0.0.0 build /home/fciliberti/Trabajos/VSExtensions/Roo-Code/packages/types
> tsup

[34mCLI[39m Building entry: src/index.ts
[34mCLI[39m Using tsconfig: tsconfig.json
[34mCLI[39m tsup v8.5.0
[34mCLI[39m Using tsup config: /home/fciliberti/Trabajos/VSExtensions/Roo-Code/packages/types/tsup.config.ts
[34mCLI[39m Target: es2022
[34mCLI[39m Cleaning output folder
[34mCJS[39m Build start
[34mESM[39m Build start
[32mESM[39m [1mdist/index.js     [22m[32m171.42 KB[39m
[32mESM[39m [1mdist/index.js.map [22m[32m306.76 KB[39m
[32mESM[39m ⚡️ Build success in 55ms
[32mCJS[39m [1mdist/index.cjs     [22m[32m195.31 KB[39m
[32mCJS[39m [1mdist/index.cjs.map [22m[32m308.01 KB[39m
[32mCJS[39m ⚡️ Build success in 55ms
DTS Build start
DTS ⚡️ Build success in 5605ms
DTS dist/index.d.cts 1.39 MB
DTS dist/index.d.ts  1.39 MB
